Performing C SOURCE FILE Test CMAKE_HAVE_LIBC_PTHREAD failed with the following output:
Change Dir: /home/edvinskomputa/Dokument/OnePunchEngine/CMakeFiles/CMakeTmp

Run Build Command(s):/usr/bin/make cmTC_38b3d/fast && /usr/bin/make -f CMakeFiles/cmTC_38b3d.dir/build.make CMakeFiles/cmTC_38b3d.dir/build
make[1]: Går till katalogen ”/home/edvinskomputa/Dokument/OnePunchEngine/CMakeFiles/CMakeTmp”
Building C object CMakeFiles/cmTC_38b3d.dir/src.c.o
/usr/bin/cc   -DCMAKE_HAVE_LIBC_PTHREAD   -o CMakeFiles/cmTC_38b3d.dir/src.c.o   -c /home/edvinskomputa/Dokument/OnePunchEngine/CMakeFiles/CMakeTmp/src.c
Linking C executable cmTC_38b3d
/usr/local/bin/cmake -E cmake_link_script CMakeFiles/cmTC_38b3d.dir/link.txt --verbose=1
/usr/bin/cc  -DCMAKE_HAVE_LIBC_PTHREAD    -rdynamic CMakeFiles/cmTC_38b3d.dir/src.c.o  -o cmTC_38b3d 
/usr/bin/ld: CMakeFiles/cmTC_38b3d.dir/src.c.o: in function `main':
src.c:(.text+0x3e): undefined reference to `pthread_create'
/usr/bin/ld: src.c:(.text+0x4a): undefined reference to `pthread_detach'
/usr/bin/ld: src.c:(.text+0x56): undefined reference to `pthread_cancel'
/usr/bin/ld: src.c:(.text+0x67): undefined reference to `pthread_join'
collect2: fel: ld returnerade avslutningsstatus 1
make[1]: *** [CMakeFiles/cmTC_38b3d.dir/build.make:104: cmTC_38b3d] Fel 1
make[1]: Lämnar katalogen ”/home/edvinskomputa/Dokument/OnePunchEngine/CMakeFiles/CMakeTmp”
make: *** [Makefile:138: cmTC_38b3d/fast] Fel 2


Source file was:
#include <pthread.h>

void* test_func(void* data)
{
  return data;
}

int main(void)
{
  pthread_t thread;
  pthread_create(&thread, NULL, test_func, NULL);
  pthread_detach(thread);
  pthread_cancel(thread);
  pthread_join(thread, NULL);
  pthread_atfork(NULL, NULL, NULL);
  pthread_exit(NULL);

  return 0;
}

Determining if the function pthread_create exists in the pthreads failed with the following output:
Change Dir: /home/edvinskomputa/Dokument/OnePunchEngine/CMakeFiles/CMakeTmp

Run Build Command(s):/usr/bin/make cmTC_d72f4/fast && /usr/bin/make -f CMakeFiles/cmTC_d72f4.dir/build.make CMakeFiles/cmTC_d72f4.dir/build
make[1]: Går till katalogen ”/home/edvinskomputa/Dokument/OnePunchEngine/CMakeFiles/CMakeTmp”
Building C object CMakeFiles/cmTC_d72f4.dir/CheckFunctionExists.c.o
/usr/bin/cc   -DCHECK_FUNCTION_EXISTS=pthread_create   -o CMakeFiles/cmTC_d72f4.dir/CheckFunctionExists.c.o   -c /usr/local/share/cmake-3.17/Modules/CheckFunctionExists.c
Linking C executable cmTC_d72f4
/usr/local/bin/cmake -E cmake_link_script CMakeFiles/cmTC_d72f4.dir/link.txt --verbose=1
/usr/bin/cc  -DCHECK_FUNCTION_EXISTS=pthread_create    -rdynamic CMakeFiles/cmTC_d72f4.dir/CheckFunctionExists.c.o  -o cmTC_d72f4  -lpthreads 
/usr/bin/ld: kan inte hitta -lpthreads
collect2: fel: ld returnerade avslutningsstatus 1
make[1]: *** [CMakeFiles/cmTC_d72f4.dir/build.make:104: cmTC_d72f4] Fel 1
make[1]: Lämnar katalogen ”/home/edvinskomputa/Dokument/OnePunchEngine/CMakeFiles/CMakeTmp”
make: *** [Makefile:138: cmTC_d72f4/fast] Fel 2



